Apr 03, 2017 12:01:01 AM codeu.chat.ServerMain main
INFO: ============================= START OF LOG =============================
Apr 03, 2017 12:01:01 AM codeu.chat.ServerMain main
INFO: Starting server...
Apr 03, 2017 12:01:01 AM codeu.chat.ServerMain runServer
INFO: Server object created.
Apr 03, 2017 12:01:01 AM codeu.chat.ServerMain runServer
INFO: Starting hub...
Apr 03, 2017 12:01:29 AM codeu.chat.server.Server handleConnection
INFO: Handling new connection...
Apr 03, 2017 12:01:29 AM codeu.chat.server.Controller newUser
INFO: newUser success (user.id=[UUID:100.101.527516601] user.name=al user.time=03-Apr-2017 00:01:29.966)
Apr 03, 2017 12:01:29 AM codeu.chat.server.Server handleConnection
INFO: Handling new connection...
Apr 03, 2017 12:01:49 AM codeu.chat.server.Server handleConnection
INFO: Handling new connection...
Apr 03, 2017 12:24:40 AM codeu.chat.ServerMain main
INFO: ============================= START OF LOG =============================
Apr 03, 2017 12:24:40 AM codeu.chat.ServerMain main
INFO: Starting server...
Apr 03, 2017 12:24:40 AM codeu.chat.ServerMain runServer
INFO: Server object created.
Apr 03, 2017 12:24:40 AM codeu.chat.ServerMain runServer
INFO: Starting hub...
Apr 03, 2017 12:27:30 AM codeu.chat.ServerMain main
INFO: ============================= START OF LOG =============================
Apr 03, 2017 12:27:30 AM codeu.chat.ServerMain main
INFO: Starting server...
Apr 03, 2017 12:27:30 AM codeu.chat.ServerMain runServer
INFO: Server object created.
Apr 03, 2017 12:27:30 AM codeu.chat.ServerMain runServer
INFO: Starting hub...
Apr 03, 2017 12:27:45 AM codeu.chat.server.Server handleConnection
INFO: Handling new connection...
Apr 03, 2017 12:27:45 AM codeu.chat.server.Controller newUser
INFO: newUser success (user.id=[UUID:100.101.2306294489] user.name=al user.time=03-Apr-2017 00:27:45.716)
Apr 03, 2017 12:27:45 AM codeu.chat.server.Server handleConnection
INFO: Handling new connection...
Apr 03, 2017 12:27:48 AM codeu.chat.server.Server handleConnection
INFO: Handling new connection...
Apr 03, 2017 12:28:01 AM codeu.chat.server.Server handleConnection
INFO: Handling new connection...
Apr 03, 2017 12:28:01 AM codeu.chat.server.Controller newConversation
INFO: Conversation added: [UUID:100.101.955723838]
Apr 03, 2017 12:28:01 AM codeu.chat.server.Server handleConnection
INFO: Handling new connection...
Apr 03, 2017 12:28:01 AM codeu.chat.server.Server handleConnection
INFO: Handling new connection...
Apr 03, 2017 12:28:01 AM codeu.chat.server.Server handleConnection
INFO: Handling new connection...
Apr 03, 2017 12:28:06 AM codeu.chat.server.Server handleConnection
INFO: Handling new connection...
Apr 03, 2017 2:08:24 PM codeu.chat.ServerMain main
INFO: ============================= START OF LOG =============================
Apr 03, 2017 2:08:24 PM codeu.chat.ServerMain main
INFO: Starting server...
Apr 03, 2017 2:08:24 PM codeu.chat.ServerMain runServer
INFO: Server object created.
Apr 03, 2017 2:08:24 PM codeu.chat.ServerMain runServer
INFO: Starting hub...
Apr 03, 2017 2:08:35 PM codeu.chat.server.Server handleConnection
INFO: Handling new connection...
Apr 03, 2017 2:08:35 PM codeu.chat.server.Controller newUser
INFO: newUser success (user.id=[UUID:100.101.4261575096] user.name=al user.time=03-Apr-2017 14:08:35.560)
Apr 03, 2017 2:08:35 PM codeu.chat.server.Server handleConnection
INFO: Handling new connection...
Apr 03, 2017 2:08:39 PM codeu.chat.server.Server handleConnection
INFO: Handling new connection...
Apr 03, 2017 2:08:49 PM codeu.chat.server.Server handleConnection
INFO: Handling new connection...
Apr 03, 2017 2:08:49 PM codeu.chat.server.Controller newConversation
INFO: Conversation added: [UUID:100.101.386491975]
Apr 03, 2017 2:08:49 PM codeu.chat.server.Server handleConnection
INFO: Handling new connection...
Apr 03, 2017 2:08:49 PM codeu.chat.server.Server handleConnection
INFO: Handling new connection...
Apr 03, 2017 2:08:49 PM codeu.chat.server.Server handleConnection
INFO: Handling new connection...
Apr 03, 2017 2:08:57 PM codeu.chat.server.Server handleConnection
INFO: Handling new connection...
Apr 03, 2017 2:09:10 PM codeu.chat.server.Server handleConnection
INFO: Handling new connection...
Apr 03, 2017 2:09:10 PM codeu.chat.server.Controller newMessage
INFO: Message added: [UUID:100.101.177355569]
Apr 03, 2017 2:09:10 PM codeu.chat.server.Server handleConnection
INFO: Handling new connection...
Apr 03, 2017 2:09:10 PM codeu.chat.server.Server handleConnection
INFO: Handling new connection...
Apr 03, 2017 2:09:10 PM codeu.chat.server.View getMessages
INFO: in getMessage: UUID=[UUID:100.101.177355569] range=5
